Traceback (most recent call last):
  File "C:\laragon\bin\python\Python312\Lib\site-packages\jupyter_cache\executors\utils.py", line 58, in single_nb_execution
    executenb(
  File "C:\laragon\bin\python\Python312\Lib\site-packages\nbclient\client.py", line 1319, in execute
    return NotebookClient(nb=nb, resources=resources, km=km, **kwargs).execute()
           ^^^^^^^^^^^^^^^^^^^^^^^^^^^^^^^^^^^^^^^^^^^^^^^^^^^^^^^^^^^^^^^^^^^^^
  File "C:\Users\Lenovo\AppData\Roaming\Python\Python312\site-packages\jupyter_core\utils\__init__.py", line 165, in wrapped
    return loop.run_until_complete(inner)
           ^^^^^^^^^^^^^^^^^^^^^^^^^^^^^^
  File "C:\laragon\bin\python\Python312\Lib\asyncio\base_events.py", line 687, in run_until_complete
    return future.result()
           ^^^^^^^^^^^^^^^
  File "C:\laragon\bin\python\Python312\Lib\site-packages\nbclient\client.py", line 709, in async_execute
    await self.async_execute_cell(
  File "C:\laragon\bin\python\Python312\Lib\site-packages\nbclient\client.py", line 1062, in async_execute_cell
    await self._check_raise_for_error(cell, cell_index, exec_reply)
  File "C:\laragon\bin\python\Python312\Lib\site-packages\nbclient\client.py", line 918, in _check_raise_for_error
    raise CellExecutionError.from_cell_and_msg(cell, exec_reply_content)
nbclient.exceptions.CellExecutionError: An error occurred while executing the following cell:
------------------
!pip install sprynger

import requests
import pandas as pd
------------------

----- stderr -----

[notice] A new release of pip is available: 24.0 -> 25.2
[notice] To update, run: python.exe -m pip install --upgrade pip
----- stdout -----
Requirement already satisfied: sprynger in c:\laragon\bin\python\python312\lib\site-packages (0.4.1)
Requirement already satisfied: lxml in c:\laragon\bin\python\python312\lib\site-packages (from sprynger) (6.0.1)
Requirement already satisfied: requests in c:\laragon\bin\python\python312\lib\site-packages (from sprynger) (2.32.3)
Requirement already satisfied: urllib3 in c:\laragon\bin\python\python312\lib\site-packages (from sprynger) (2.2.3)
Requirement already satisfied: platformdirs in c:\users\lenovo\appdata\roaming\python\python312\site-packages (from sprynger) (4.3.6)
Requirement already satisfied: charset-normalizer<4,>=2 in c:\laragon\bin\python\python312\lib\site-packages (from requests->sprynger) (3.4.0)
Requirement already satisfied: idna<4,>=2.5 in c:\laragon\bin\python\python312\lib\site-packages (from requests->sprynger) (3.10)
Requirement already satisfied: certifi>=2017.4.17 in c:\laragon\bin\python\python312\lib\site-packages (from requests->sprynger) (2024.12.14)
------------------

[1;31m---------------------------------------------------------------------------[0m
[1;31mModuleNotFoundError[0m                       Traceback (most recent call last)
Cell [1;32mIn[1], line 4[0m
[0;32m      1[0m get_ipython()[38;5;241m.[39msystem([38;5;124m'[39m[38;5;124mpip install sprynger[39m[38;5;124m'[39m)
[0;32m      3[0m [38;5;28;01mimport[39;00m [38;5;21;01mrequests[39;00m
[1;32m----> 4[0m [38;5;28;01mimport[39;00m [38;5;21;01mpandas[39;00m [38;5;28;01mas[39;00m [38;5;21;01mpd[39;00m

[1;31mModuleNotFoundError[0m: No module named 'pandas'

